cb6a635127fbf41938160b4abc005b2b2acaf3fac9354b1672fdfb990f901c80ba4e291e72b635c19dd1c916262542135a1eefedbc3626748dcf9a796871ea5a 
cb6a635127fbf41938160b4abc005b2b2acaf3fac9354b1672fdfb990f901c80ba4e291e72b635c19dd1c916262542135a1eefedbc3626748dcf9a796871ea5a
cb6a635127fbf41938160b4abc005b2b2acaf3fac9354b1672fdfb990f901c80ba4e291e72b635c19dd1c916262542135a1eefedbc3626748dcf9a796871ea5a 
cb6a635127fbf41938160b4abc005b2b2acaf3fac9354b1672fdfb990f901c80ba4e291e72b635c19dd1c916262542135a1eefedbc3626748dcf9a796871ea5a
AXUNEOk4ks24352$%#w23233a837bef0644fe06b4a8647094be18efdf4a290ad47d7aef43e505d81c8ec0168c6c4edfbb526edbf77d2238e3018ef12df6263a4af3e91c9698bf4e9cdfaf88 
a034af046fbccd1f0b796eaa46f06a5f770b83fb1e141dd8c8538c0fe91036104f217bcc31900faf676ef4b20b3a6acce9ffc548d36dfe5f84221cc0044630ec
CPL67A2608167607E8A01B71D05E592D3B5E0ED6BC97E52A83E693338D5C50391EB3a837bef0644fe06b4a8647094be18efdf4a290ad47d7aef43e505d81c8ec0168c6c4edfbb526edbf77d2238e3018ef12df6263a4af3e91c9698bf4e9cdfaf88 
a034af046fbccd1f0b796eaa46f06a5f770b83fb1e141dd8c8538c0fe91036104f217bcc31900faf676ef4b20b3a6acce9ffc548d36dfe5f84221cc0044630ec
CPL67A2608167607E8A01B71D05E592D3B5E0ED6BC97E52A83E693338D5C50391EB
3a837bef0644fe06b4a8647094be18efdf4a290ad47d7aef43e505d81c8ec0168c6c4edfbb526edbf77d2238e3018ef12df6263a4af3e91c9698bf4e9cdfaf88 
a034af046fbccd1f0b796eaa46f06a5f770b83fb1e141dd8c8538c0fe91036104f217bcc31900faf676ef4b20b3a6acce9ffc548d36dfe5f84221cc0044630ec
CPL67A2608167607E8A01B71D05E592D3B5E0ED6BC97E52A83E693338D5C50391EB
Array

3a837bef0644fe06b4a8647094be18efdf4a290ad47d7aef43e505d81c8ec0168c6c4edfbb526edbf77d2238e3018ef12df6263a4af3e91c9698bf4e9cdfaf88 
a034af046fbccd1f0b796eaa46f06a5f770b83fb1e141dd8c8538c0fe91036104f217bcc31900faf676ef4b20b3a6acce9ffc548d36dfe5f84221cc0044630ec
CPL67A2608167607E8A01B71D05E592D3B5E0ED6BC97E52A83E693338D5C50391EB
Array

3a837bef0644fe06b4a8647094be18efdf4a290ad47d7aef43e505d81c8ec0168c6c4edfbb526edbf77d2238e3018ef12df6263a4af3e91c9698bf4e9cdfaf88 
a034af046fbccd1f0b796eaa46f06a5f770b83fb1e141dd8c8538c0fe91036104f217bcc31900faf676ef4b20b3a6acce9ffc548d36dfe5f84221cc0044630ec
CPL67A2608167607E8A01B71D05E592D3B5E0ED6BC97E52A83E693338D5C50391EB
Array

cb6a635127fbf41938160b4abc005b2b2acaf3fac9354b1672fdfb990f901c80ba4e291e72b635c19dd1c916262542135a1eefedbc3626748dcf9a796871ea5a 
cb6a635127fbf41938160b4abc005b2b2acaf3fac9354b1672fdfb990f901c80ba4e291e72b635c19dd1c916262542135a1eefedbc3626748dcf9a796871ea5a
AXUNEOk4ks24352$%#w2323
Array

3a837bef0644fe06b4a8647094be18efdf4a290ad47d7aef43e505d81c8ec0168c6c4edfbb526edbf77d2238e3018ef12df6263a4af3e91c9698bf4e9cdfaf88 
a034af046fbccd1f0b796eaa46f06a5f770b83fb1e141dd8c8538c0fe91036104f217bcc31900faf676ef4b20b3a6acce9ffc548d36dfe5f84221cc0044630ec
CPL67A2608167607E8A01B71D05E592D3B5E0ED6BC97E52A83E693338D5C50391EB
Array

20a2715e833e3f95542aad52747be3bd29c59dd014d27a7da89d602f35a8f925c01663aca2cf7329a19362616514144a18a0191c8070d6d252f6bbf1e1f93495 
1fd7b77f50f26e88e1bb1e8f505577893b20c5e27bdb6943d199c049ef39c20d5e640f323c32ce14200efe78bb2a5df3f850f03e48f2747248212e0bd5535666
CPL67A2608167607E8A01B71D05E592D3B5E0ED6BC97E52A83E693338D5C50391EB
Array

20a2715e833e3f95542aad52747be3bd29c59dd014d27a7da89d602f35a8f925c01663aca2cf7329a19362616514144a18a0191c8070d6d252f6bbf1e1f93495 
1fd7b77f50f26e88e1bb1e8f505577893b20c5e27bdb6943d199c049ef39c20d5e640f323c32ce14200efe78bb2a5df3f850f03e48f2747248212e0bd5535666
CPL67A2608167607E8A01B71D05E592D3B5E0ED6BC97E52A83E693338D5C50391EB
Array

20a2715e833e3f95542aad52747be3bd29c59dd014d27a7da89d602f35a8f925c01663aca2cf7329a19362616514144a18a0191c8070d6d252f6bbf1e1f93495 
1fd7b77f50f26e88e1bb1e8f505577893b20c5e27bdb6943d199c049ef39c20d5e640f323c32ce14200efe78bb2a5df3f850f03e48f2747248212e0bd5535666
CPL67A2608167607E8A01B71D05E592D3B5E0ED6BC97E52A83E693338D5C50391EB
Array

20a2715e833e3f95542aad52747be3bd29c59dd014d27a7da89d602f35a8f925c01663aca2cf7329a19362616514144a18a0191c8070d6d252f6bbf1e1f93495 
1fd7b77f50f26e88e1bb1e8f505577893b20c5e27bdb6943d199c049ef39c20d5e640f323c32ce14200efe78bb2a5df3f850f03e48f2747248212e0bd5535666
CPL67A2608167607E8A01B71D05E592D3B5E0ED6BC97E52A83E693338D5C50391EB
Array

20a2715e833e3f95542aad52747be3bd29c59dd014d27a7da89d602f35a8f925c01663aca2cf7329a19362616514144a18a0191c8070d6d252f6bbf1e1f93495 
1fd7b77f50f26e88e1bb1e8f505577893b20c5e27bdb6943d199c049ef39c20d5e640f323c32ce14200efe78bb2a5df3f850f03e48f2747248212e0bd5535666
CPL67A2608167607E8A01B71D05E592D3B5E0ED6BC97E52A83E693338D5C50391EB
Array

20a2715e833e3f95542aad52747be3bd29c59dd014d27a7da89d602f35a8f925c01663aca2cf7329a19362616514144a18a0191c8070d6d252f6bbf1e1f93495 
1fd7b77f50f26e88e1bb1e8f505577893b20c5e27bdb6943d199c049ef39c20d5e640f323c32ce14200efe78bb2a5df3f850f03e48f2747248212e0bd5535666
CPL67A2608167607E8A01B71D05E592D3B5E0ED6BC97E52A83E693338D5C50391EB
Array

20a2715e833e3f95542aad52747be3bd29c59dd014d27a7da89d602f35a8f925c01663aca2cf7329a19362616514144a18a0191c8070d6d252f6bbf1e1f93495 
1fd7b77f50f26e88e1bb1e8f505577893b20c5e27bdb6943d199c049ef39c20d5e640f323c32ce14200efe78bb2a5df3f850f03e48f2747248212e0bd5535666
CPL67A2608167607E8A01B71D05E592D3B5E0ED6BC97E52A83E693338D5C50391EB
Array

20a2715e833e3f95542aad52747be3bd29c59dd014d27a7da89d602f35a8f925c01663aca2cf7329a19362616514144a18a0191c8070d6d252f6bbf1e1f93495 
1fd7b77f50f26e88e1bb1e8f505577893b20c5e27bdb6943d199c049ef39c20d5e640f323c32ce14200efe78bb2a5df3f850f03e48f2747248212e0bd5535666
CPL67A2608167607E8A01B71D05E592D3B5E0ED6BC97E52A83E693338D5C50391EB
Array

20a2715e833e3f95542aad52747be3bd29c59dd014d27a7da89d602f35a8f925c01663aca2cf7329a19362616514144a18a0191c8070d6d252f6bbf1e1f93495 
1fd7b77f50f26e88e1bb1e8f505577893b20c5e27bdb6943d199c049ef39c20d5e640f323c32ce14200efe78bb2a5df3f850f03e48f2747248212e0bd5535666
CPL67A2608167607E8A01B71D05E592D3B5E0ED6BC97E52A83E693338D5C50391EB
Array

20a2715e833e3f95542aad52747be3bd29c59dd014d27a7da89d602f35a8f925c01663aca2cf7329a19362616514144a18a0191c8070d6d252f6bbf1e1f93495 
1fd7b77f50f26e88e1bb1e8f505577893b20c5e27bdb6943d199c049ef39c20d5e640f323c32ce14200efe78bb2a5df3f850f03e48f2747248212e0bd5535666
CPL67A2608167607E8A01B71D05E592D3B5E0ED6BC97E52A83E693338D5C50391EB
Array

20a2715e833e3f95542aad52747be3bd29c59dd014d27a7da89d602f35a8f925c01663aca2cf7329a19362616514144a18a0191c8070d6d252f6bbf1e1f93495 
1fd7b77f50f26e88e1bb1e8f505577893b20c5e27bdb6943d199c049ef39c20d5e640f323c32ce14200efe78bb2a5df3f850f03e48f2747248212e0bd5535666
CPL67A2608167607E8A01B71D05E592D3B5E0ED6BC97E52A83E693338D5C50391EB
Array

20a2715e833e3f95542aad52747be3bd29c59dd014d27a7da89d602f35a8f925c01663aca2cf7329a19362616514144a18a0191c8070d6d252f6bbf1e1f93495 
1fd7b77f50f26e88e1bb1e8f505577893b20c5e27bdb6943d199c049ef39c20d5e640f323c32ce14200efe78bb2a5df3f850f03e48f2747248212e0bd5535666
CPL67A2608167607E8A01B71D05E592D3B5E0ED6BC97E52A83E693338D5C50391EB
Array

20a2715e833e3f95542aad52747be3bd29c59dd014d27a7da89d602f35a8f925c01663aca2cf7329a19362616514144a18a0191c8070d6d252f6bbf1e1f93495 
1fd7b77f50f26e88e1bb1e8f505577893b20c5e27bdb6943d199c049ef39c20d5e640f323c32ce14200efe78bb2a5df3f850f03e48f2747248212e0bd5535666
CPL67A2608167607E8A01B71D05E592D3B5E0ED6BC97E52A83E693338D5C50391EB
Array

20a2715e833e3f95542aad52747be3bd29c59dd014d27a7da89d602f35a8f925c01663aca2cf7329a19362616514144a18a0191c8070d6d252f6bbf1e1f93495 
1fd7b77f50f26e88e1bb1e8f505577893b20c5e27bdb6943d199c049ef39c20d5e640f323c32ce14200efe78bb2a5df3f850f03e48f2747248212e0bd5535666
CPL67A2608167607E8A01B71D05E592D3B5E0ED6BC97E52A83E693338D5C50391EB
Array

cb6a635127fbf41938160b4abc005b2b2acaf3fac9354b1672fdfb990f901c80ba4e291e72b635c19dd1c916262542135a1eefedbc3626748dcf9a796871ea5a 
cb6a635127fbf41938160b4abc005b2b2acaf3fac9354b1672fdfb990f901c80ba4e291e72b635c19dd1c916262542135a1eefedbc3626748dcf9a796871ea5a
AXUNEOk4ks24352$%#w2323
Array
(
    [details] => Array
        (
            [transaction] => 257997|1|09028514698|100
            [account] => 4165378
            [customername] => 
            [customeraddress] => 
            [contacttype] => 
            [customernumber] => 
            [customerphone] => 
            [type] => 100
            [networkid] => 
            [amount] => 100
            [code] => 
            [invoicePeriod] => 
            [pincount] => 
            [pinvalue] => 
        )

)


46849c78424c92c8f1b268608d2c3e46525f48c50f35599d4471dd64278c8333e2e8e3f80aac264182703e95190df0c72d2deb0823a96908e00933f7b13a6d41 
bee3a6f81e0ac745ab7517cb9e4f3bfd2a1194554c7419cdb22a569c321b78ffaa1759566ed0ed5bfeb07f6d67ae10b779d28a1f812ef46e326ceb0b38876828
CPL0A1E9ED8A635CAAB931FC868C9FB83F67FC35E311EC937BB3F448F819F9A06F5
Array
(
    [details] => Array
        (
            [ref] => TDCQSAN1575980975
            [account] => 09064449494
            [type] => 1
            [amount] => 50
            [networkid] => 1
        )

)


3a837bef0644fe06b4a8647094be18efdf4a290ad47d7aef43e505d81c8ec0168c6c4edfbb526edbf77d2238e3018ef12df6263a4af3e91c9698bf4e9cdfaf88 
a034af046fbccd1f0b796eaa46f06a5f770b83fb1e141dd8c8538c0fe91036104f217bcc31900faf676ef4b20b3a6acce9ffc548d36dfe5f84221cc0044630ec
CPL67A2608167607E8A01B71D05E592D3B5E0ED6BC97E52A83E693338D5C50391EB
Array
(
    [details] => Array
        (
            [account] => 2021904844
            [type] => 40
        )

)


3a837bef0644fe06b4a8647094be18efdf4a290ad47d7aef43e505d81c8ec0168c6c4edfbb526edbf77d2238e3018ef12df6263a4af3e91c9698bf4e9cdfaf88 
a034af046fbccd1f0b796eaa46f06a5f770b83fb1e141dd8c8538c0fe91036104f217bcc31900faf676ef4b20b3a6acce9ffc548d36dfe5f84221cc0044630ec
CPL67A2608167607E8A01B71D05E592D3B5E0ED6BC97E52A83E693338D5C50391EB
Array
(
    [details] => Array
        (
            [account] => 2021904844
            [type] => 40
        )

)


3a837bef0644fe06b4a8647094be18efdf4a290ad47d7aef43e505d81c8ec0168c6c4edfbb526edbf77d2238e3018ef12df6263a4af3e91c9698bf4e9cdfaf88 
a034af046fbccd1f0b796eaa46f06a5f770b83fb1e141dd8c8538c0fe91036104f217bcc31900faf676ef4b20b3a6acce9ffc548d36dfe5f84221cc0044630ec
CPL67A2608167607E8A01B71D05E592D3B5E0ED6BC97E52A83E693338D5C50391EB
Array
(
    [details] => Array
        (
            [account] => 2021904844
            [type] => 40
        )

)


3a837bef0644fe06b4a8647094be18efdf4a290ad47d7aef43e505d81c8ec0168c6c4edfbb526edbf77d2238e3018ef12df6263a4af3e91c9698bf4e9cdfaf88 
a034af046fbccd1f0b796eaa46f06a5f770b83fb1e141dd8c8538c0fe91036104f217bcc31900faf676ef4b20b3a6acce9ffc548d36dfe5f84221cc0044630ec
CPL67A2608167607E8A01B71D05E592D3B5E0ED6BC97E52A83E693338D5C50391EB
Array
(
    [details] => Array
        (
            [account] => 2021904844
            [type] => 40
        )

)


3a837bef0644fe06b4a8647094be18efdf4a290ad47d7aef43e505d81c8ec0168c6c4edfbb526edbf77d2238e3018ef12df6263a4af3e91c9698bf4e9cdfaf88 
a034af046fbccd1f0b796eaa46f06a5f770b83fb1e141dd8c8538c0fe91036104f217bcc31900faf676ef4b20b3a6acce9ffc548d36dfe5f84221cc0044630ec
CPL67A2608167607E8A01B71D05E592D3B5E0ED6BC97E52A83E693338D5C50391EB
Array
(
    [details] => Array
        (
            [account] => 2021904844
            [type] => 40
        )

)


3a837bef0644fe06b4a8647094be18efdf4a290ad47d7aef43e505d81c8ec0168c6c4edfbb526edbf77d2238e3018ef12df6263a4af3e91c9698bf4e9cdfaf88 
a034af046fbccd1f0b796eaa46f06a5f770b83fb1e141dd8c8538c0fe91036104f217bcc31900faf676ef4b20b3a6acce9ffc548d36dfe5f84221cc0044630ec
CPL67A2608167607E8A01B71D05E592D3B5E0ED6BC97E52A83E693338D5C50391EB
Array
(
    [details] => Array
        (
            [account] => 2021904844
            [type] => 40
        )

)


3a837bef0644fe06b4a8647094be18efdf4a290ad47d7aef43e505d81c8ec0168c6c4edfbb526edbf77d2238e3018ef12df6263a4af3e91c9698bf4e9cdfaf88 
a034af046fbccd1f0b796eaa46f06a5f770b83fb1e141dd8c8538c0fe91036104f217bcc31900faf676ef4b20b3a6acce9ffc548d36dfe5f84221cc0044630ec
CPL67A2608167607E8A01B71D05E592D3B5E0ED6BC97E52A83E693338D5C50391EB
Array
(
    [details] => Array
        (
            [account] => 2021904844
            [type] => 40
        )

)


3a837bef0644fe06b4a8647094be18efdf4a290ad47d7aef43e505d81c8ec0168c6c4edfbb526edbf77d2238e3018ef12df6263a4af3e91c9698bf4e9cdfaf88 
a034af046fbccd1f0b796eaa46f06a5f770b83fb1e141dd8c8538c0fe91036104f217bcc31900faf676ef4b20b3a6acce9ffc548d36dfe5f84221cc0044630ec
CPL67A2608167607E8A01B71D05E592D3B5E0ED6BC97E52A83E693338D5C50391EB
Array
(
    [details] => Array
        (
            [account] => 2021904844
            [type] => 40
        )

)


3a837bef0644fe06b4a8647094be18efdf4a290ad47d7aef43e505d81c8ec0168c6c4edfbb526edbf77d2238e3018ef12df6263a4af3e91c9698bf4e9cdfaf88 
a034af046fbccd1f0b796eaa46f06a5f770b83fb1e141dd8c8538c0fe91036104f217bcc31900faf676ef4b20b3a6acce9ffc548d36dfe5f84221cc0044630ec
CPL67A2608167607E8A01B71D05E592D3B5E0ED6BC97E52A83E693338D5C50391EB
Array
(
    [details] => Array
        (
            [account] => 2021904844
            [type] => 40
        )

)


3a837bef0644fe06b4a8647094be18efdf4a290ad47d7aef43e505d81c8ec0168c6c4edfbb526edbf77d2238e3018ef12df6263a4af3e91c9698bf4e9cdfaf88 
a034af046fbccd1f0b796eaa46f06a5f770b83fb1e141dd8c8538c0fe91036104f217bcc31900faf676ef4b20b3a6acce9ffc548d36dfe5f84221cc0044630ec
CPL67A2608167607E8A01B71D05E592D3B5E0ED6BC97E52A83E693338D5C50391EB
Array
(
    [details] => Array
        (
            [account] => 2021904844
            [type] => 40
        )

)


3a837bef0644fe06b4a8647094be18efdf4a290ad47d7aef43e505d81c8ec0168c6c4edfbb526edbf77d2238e3018ef12df6263a4af3e91c9698bf4e9cdfaf88 
a034af046fbccd1f0b796eaa46f06a5f770b83fb1e141dd8c8538c0fe91036104f217bcc31900faf676ef4b20b3a6acce9ffc548d36dfe5f84221cc0044630ec
CPL67A2608167607E8A01B71D05E592D3B5E0ED6BC97E52A83E693338D5C50391EB
Array
(
    [details] => Array
        (
            [account] => 2021904844
            [type] => 40
        )

)


3a837bef0644fe06b4a8647094be18efdf4a290ad47d7aef43e505d81c8ec0168c6c4edfbb526edbf77d2238e3018ef12df6263a4af3e91c9698bf4e9cdfaf88 
a034af046fbccd1f0b796eaa46f06a5f770b83fb1e141dd8c8538c0fe91036104f217bcc31900faf676ef4b20b3a6acce9ffc548d36dfe5f84221cc0044630ec
CPL67A2608167607E8A01B71D05E592D3B5E0ED6BC97E52A83E693338D5C50391EB
Array
(
    [details] => Array
        (
            [account] => 2021904844
            [type] => 40
        )

)


3a837bef0644fe06b4a8647094be18efdf4a290ad47d7aef43e505d81c8ec0168c6c4edfbb526edbf77d2238e3018ef12df6263a4af3e91c9698bf4e9cdfaf88 
a034af046fbccd1f0b796eaa46f06a5f770b83fb1e141dd8c8538c0fe91036104f217bcc31900faf676ef4b20b3a6acce9ffc548d36dfe5f84221cc0044630ec
CPL67A2608167607E8A01B71D05E592D3B5E0ED6BC97E52A83E693338D5C50391EB
Array
(
    [details] => Array
        (
            [account] => 2021904844
            [type] => 40
        )

)


029895de175ad8f8b6b969ff1f43a8a1ff589d23e7895201388bcb86c2970a4a77729ea8e0e0ece2dd956cbb8bb58414a1ce4021f9fa7816047e42bde195ef4f 
62db1f5c8f611b9774af5948912f88ce15b9ab5c5d5e9219f621d7718827320339ef25958a9ae03f4afd2e81187e798e0e6703f247b779566bdb9b83b656622b
CPL0A1E9ED8A635CAAB931FC868C9FB83F67FC35E311EC937BB3F448F819F9A06F5
Array
(
    [details] => Array
        (
            [ref] => YKLUORJ1575981738
            [account] => 08177149034
            [type] => 1
            [amount] => 50
            [networkid] => 4
        )

)


3a837bef0644fe06b4a8647094be18efdf4a290ad47d7aef43e505d81c8ec0168c6c4edfbb526edbf77d2238e3018ef12df6263a4af3e91c9698bf4e9cdfaf88 
a034af046fbccd1f0b796eaa46f06a5f770b83fb1e141dd8c8538c0fe91036104f217bcc31900faf676ef4b20b3a6acce9ffc548d36dfe5f84221cc0044630ec
CPL67A2608167607E8A01B71D05E592D3B5E0ED6BC97E52A83E693338D5C50391EB
Array
(
    [details] => Array
        (
            [account] => 2021904844
            [type] => 40
        )

)


3a837bef0644fe06b4a8647094be18efdf4a290ad47d7aef43e505d81c8ec0168c6c4edfbb526edbf77d2238e3018ef12df6263a4af3e91c9698bf4e9cdfaf88 
a034af046fbccd1f0b796eaa46f06a5f770b83fb1e141dd8c8538c0fe91036104f217bcc31900faf676ef4b20b3a6acce9ffc548d36dfe5f84221cc0044630ec
CPL67A2608167607E8A01B71D05E592D3B5E0ED6BC97E52A83E693338D5C50391EB
Array
(
    [details] => Array
        (
            [account] => 2021904844
            [type] => 40
        )

)


3a837bef0644fe06b4a8647094be18efdf4a290ad47d7aef43e505d81c8ec0168c6c4edfbb526edbf77d2238e3018ef12df6263a4af3e91c9698bf4e9cdfaf88 
a034af046fbccd1f0b796eaa46f06a5f770b83fb1e141dd8c8538c0fe91036104f217bcc31900faf676ef4b20b3a6acce9ffc548d36dfe5f84221cc0044630ec
CPL67A2608167607E8A01B71D05E592D3B5E0ED6BC97E52A83E693338D5C50391EB
Array
(
    [details] => Array
        (
            [account] => 2021904844
            [type] => 40
        )

)


0ec2a789848c09b41a3ba23181e751821984617c82358e7d16084e41f68b79a4a9edd3491d1347e96cdd739226a25b9d8d7fed29b598459548041903ca6af414 
0ec2a789848c09b41a3ba23181e751821984617c82358e7d16084e41f68b79a4a9edd3491d1347e96cdd739226a25b9d8d7fed29b598459548041903ca6af414
CPLF52EA8B0284CB786ED7F8D9D746112D9C8B9BA1B71CB575F2A9B52F272DA72A9
Array
(
    [details] => Array
        (
            [ref] => LUDQAKT1575984304
            [account] => 09064449494
            [type] => 1
            [amount] => 50
            [networkid] => 1
        )

)


e59b695460a06699cf6c30a27d368ebc5d0d7cbeb77b706934b574d6df7ef8a7ded3391c81c234deb6b858f65c6e388de24e5e52c62b39e2e88af81ddf85ae16 
e59b695460a06699cf6c30a27d368ebc5d0d7cbeb77b706934b574d6df7ef8a7ded3391c81c234deb6b858f65c6e388de24e5e52c62b39e2e88af81ddf85ae16
CPL0A1E9ED8A635CAAB931FC868C9FB83F67FC35E311EC937BB3F448F819F9A06F5
Array
(
    [details] => Array
        (
            [transaction] => 257997|1|09028514698|100
            [account] => 4165378
            [customername] => 
            [customeraddress] => 
            [contacttype] => 
            [customernumber] => 
            [customerphone] => 
            [type] => 100
            [networkid] => 
            [amount] => 100
            [code] => 
            [invoicePeriod] => 
            [pincount] => 
            [pinvalue] => 
        )

)


5b51bff2995ec215d2294d6f4e6f7f68ab948b63e006c91cc098689c5f5138dfd6d83d5517cdfcbaee7951166aea8d1def9a4c01719532a841e57d49785415ec 
5b51bff2995ec215d2294d6f4e6f7f68ab948b63e006c91cc098689c5f5138dfd6d83d5517cdfcbaee7951166aea8d1def9a4c01719532a841e57d49785415ec
CPL67A2608167607E8A01B71D05E592D3B5E0ED6BC97E52A83E693338D5C50391EB
Array
(
    [details] => Array
        (
            [transaction] => 257997|1|09028514698|100
            [account] => 4165378
            [customername] => 
            [customeraddress] => 
            [contacttype] => 
            [customernumber] => 
            [customerphone] => 
            [type] => 100
            [networkid] => 
            [amount] => 100
            [code] => 
            [invoicePeriod] => 
            [pincount] => 
            [pinvalue] => 
        )

)


02785f65b5847ce34e551feba75a2f180ab26179e985d0f868af02d99435d6c037ef3b0b57db6199abc792c55259b54c1e02be7fe8f8af72b9567560ed60863f 
02785f65b5847ce34e551feba75a2f180ab26179e985d0f868af02d99435d6c037ef3b0b57db6199abc792c55259b54c1e02be7fe8f8af72b9567560ed60863f
CPL7751C7C8E183FF128C4DD22189F6503414944D91FCFAC71397EC2F57049BAA88
Array
(
    [details] => Array
        (
            [ref] => 
            [type] => 24
            [account] => 4503175003
        )

)


7497c94913693f0ac9511c0d4e8f6b147984008b20638997b74c02c36cd89a4f7a61f420cdf3ef5175a1437079179b950d28116040b2af552e7d7d7e2f069761 
7497c94913693f0ac9511c0d4e8f6b147984008b20638997b74c02c36cd89a4f7a61f420cdf3ef5175a1437079179b950d28116040b2af552e7d7d7e2f069761
CPL7751C7C8E183FF128C4DD22189F6503414944D91FCFAC71397EC2F57049BAA88
Array
(
    [details] => Array
        (
            [ref] => 
            [type] => 24
            [account] => 45031750032
        )

)


4399d6f712d239db760fb27c64652d0fca41164ee1dd11a7f2b40c2465fdb0e1d152169f79e32d6dad65bdcd099da1526546f46ddc998426aa90f1f179a07129 
4399d6f712d239db760fb27c64652d0fca41164ee1dd11a7f2b40c2465fdb0e1d152169f79e32d6dad65bdcd099da1526546f46ddc998426aa90f1f179a07129
CPL0A1E9ED8A635CAAB931FC868C9FB83F67FC35E311EC937BB3F448F819F9A06F5
Array
(
    [details] => Array
        (
            [transaction] => 257997|1|09028514698|100
            [account] => 09064449494
            [type] => 1
            [amount] => 50
            [networkid] => 1
        )

)


4453ce34d0ba74103dc6bc975d73700ee3c16c36c51ea32dddb1b76287ac00f2bbb5ec1522b2b8feaaa7b1bec39b087d07257db625e99dfc64aff83ddcf576be 
4453ce34d0ba74103dc6bc975d73700ee3c16c36c51ea32dddb1b76287ac00f2bbb5ec1522b2b8feaaa7b1bec39b087d07257db625e99dfc64aff83ddcf576be
CPL0A1E9ED8A635CAAB931FC868C9FB83F67FC35E311EC937BB3F448F819F9A06F5
Array
(
    [details] => Array
        (
            [ref] => MYASHUB1575986124
            [type] => 1
            [transactionid] => 0100256648
        )

)


9e8910f7d70b8a0c13bd16ef81c55bf152c31be3bf1cb481d78710cb03abda4ef7a0701d793b2d30eb95b95b65a0d0af271c94f0f8190bc400582818d9621ee3 
9e8910f7d70b8a0c13bd16ef81c55bf152c31be3bf1cb481d78710cb03abda4ef7a0701d793b2d30eb95b95b65a0d0af271c94f0f8190bc400582818d9621ee3
CPL67A2608167607E8A01B71D05E592D3B5E0ED6BC97E52A83E693338D5C50391EB
Array
(
    [details] => Array
        (
            [transaction] => 257997|1|09028514698|100
            [account] => 2021904844
            [customername] => 
            [customeraddress] => 
            [contacttype] => 
            [customernumber] => 
            [customerphone] => 
            [type] => 
            [networkid] => 
            [amount] => 
            [code] => 
            [invoicePeriod] => 
            [pincount] => 
            [pinvalue] => 
        )

)


9e8910f7d70b8a0c13bd16ef81c55bf152c31be3bf1cb481d78710cb03abda4ef7a0701d793b2d30eb95b95b65a0d0af271c94f0f8190bc400582818d9621ee3 
9e8910f7d70b8a0c13bd16ef81c55bf152c31be3bf1cb481d78710cb03abda4ef7a0701d793b2d30eb95b95b65a0d0af271c94f0f8190bc400582818d9621ee3
CPL67A2608167607E8A01B71D05E592D3B5E0ED6BC97E52A83E693338D5C50391EB
Array
(
    [details] => Array
        (
            [transaction] => 257997|1|09028514698|100
            [account] => 2021904844
            [customername] => 
            [customeraddress] => 
            [contacttype] => 
            [customernumber] => 
            [customerphone] => 
            [type] => 
            [networkid] => 
            [amount] => 
            [code] => 
            [invoicePeriod] => 
            [pincount] => 
            [pinvalue] => 
        )

)


7d2fe6b7a33dc537c1c593ec29da6a3f95b967925ae77a928fa249bea28b7e26039f7812e23d02e88c152caa07d3288d40530272d9e1bdf72b1fe340b963c5df 
7d2fe6b7a33dc537c1c593ec29da6a3f95b967925ae77a928fa249bea28b7e26039f7812e23d02e88c152caa07d3288d40530272d9e1bdf72b1fe340b963c5df
CPL67A2608167607E8A01B71D05E592D3B5E0ED6BC97E52A83E693338D5C50391EB
Array
(
    [details] => Array
        (
            [transaction] => 257997|1|09028514698|100
            [account] => 2021904844
            [customername] => 
            [customeraddress] => 
            [contacttype] => 
            [customernumber] => 
            [customerphone] => 
            [type] => 40
            [networkid] => 
            [amount] => 
            [code] => 
            [invoicePeriod] => 
            [pincount] => 
            [pinvalue] => 
        )

)


7d2fe6b7a33dc537c1c593ec29da6a3f95b967925ae77a928fa249bea28b7e26039f7812e23d02e88c152caa07d3288d40530272d9e1bdf72b1fe340b963c5df 
7d2fe6b7a33dc537c1c593ec29da6a3f95b967925ae77a928fa249bea28b7e26039f7812e23d02e88c152caa07d3288d40530272d9e1bdf72b1fe340b963c5df
CPL67A2608167607E8A01B71D05E592D3B5E0ED6BC97E52A83E693338D5C50391EB
Array
(
    [details] => Array
        (
            [transaction] => 257997|1|09028514698|100
            [account] => 2021904844
            [customername] => 
            [customeraddress] => 
            [contacttype] => 
            [customernumber] => 
            [customerphone] => 
            [type] => 40
            [networkid] => 
            [amount] => 
            [code] => 
            [invoicePeriod] => 
            [pincount] => 
            [pinvalue] => 
        )

)


7d2fe6b7a33dc537c1c593ec29da6a3f95b967925ae77a928fa249bea28b7e26039f7812e23d02e88c152caa07d3288d40530272d9e1bdf72b1fe340b963c5df 
7d2fe6b7a33dc537c1c593ec29da6a3f95b967925ae77a928fa249bea28b7e26039f7812e23d02e88c152caa07d3288d40530272d9e1bdf72b1fe340b963c5df
CPL67A2608167607E8A01B71D05E592D3B5E0ED6BC97E52A83E693338D5C50391EB
Array
(
    [details] => Array
        (
            [transaction] => 257997|1|09028514698|100
            [account] => 2021904844
            [customername] => 
            [customeraddress] => 
            [contacttype] => 
            [customernumber] => 
            [customerphone] => 
            [type] => 40
            [networkid] => 
            [amount] => 
            [code] => 
            [invoicePeriod] => 
            [pincount] => 
            [pinvalue] => 
        )

)


7d2fe6b7a33dc537c1c593ec29da6a3f95b967925ae77a928fa249bea28b7e26039f7812e23d02e88c152caa07d3288d40530272d9e1bdf72b1fe340b963c5df 
7d2fe6b7a33dc537c1c593ec29da6a3f95b967925ae77a928fa249bea28b7e26039f7812e23d02e88c152caa07d3288d40530272d9e1bdf72b1fe340b963c5df
CPL67A2608167607E8A01B71D05E592D3B5E0ED6BC97E52A83E693338D5C50391EB
Array
(
    [details] => Array
        (
            [transaction] => 257997|1|09028514698|100
            [account] => 2021904844
            [customername] => 
            [customeraddress] => 
            [contacttype] => 
            [customernumber] => 
            [customerphone] => 
            [type] => 40
            [networkid] => 
            [amount] => 
            [code] => 
            [invoicePeriod] => 
            [pincount] => 
            [pinvalue] => 
        )

)


7d2fe6b7a33dc537c1c593ec29da6a3f95b967925ae77a928fa249bea28b7e26039f7812e23d02e88c152caa07d3288d40530272d9e1bdf72b1fe340b963c5df 
7d2fe6b7a33dc537c1c593ec29da6a3f95b967925ae77a928fa249bea28b7e26039f7812e23d02e88c152caa07d3288d40530272d9e1bdf72b1fe340b963c5df
CPL67A2608167607E8A01B71D05E592D3B5E0ED6BC97E52A83E693338D5C50391EB
Array
(
    [details] => Array
        (
            [transaction] => 257997|1|09028514698|100
            [account] => 2021904844
            [customername] => 
            [customeraddress] => 
            [contacttype] => 
            [customernumber] => 
            [customerphone] => 
            [type] => 40
            [networkid] => 
            [amount] => 
            [code] => 
            [invoicePeriod] => 
            [pincount] => 
            [pinvalue] => 
        )

)


7d2fe6b7a33dc537c1c593ec29da6a3f95b967925ae77a928fa249bea28b7e26039f7812e23d02e88c152caa07d3288d40530272d9e1bdf72b1fe340b963c5df 
7d2fe6b7a33dc537c1c593ec29da6a3f95b967925ae77a928fa249bea28b7e26039f7812e23d02e88c152caa07d3288d40530272d9e1bdf72b1fe340b963c5df
CPL67A2608167607E8A01B71D05E592D3B5E0ED6BC97E52A83E693338D5C50391EB
Array
(
    [details] => Array
        (
            [transaction] => 257997|1|09028514698|100
            [account] => 2021904844
            [customername] => 
            [customeraddress] => 
            [contacttype] => 
            [customernumber] => 
            [customerphone] => 
            [type] => 40
            [networkid] => 
            [amount] => 
            [code] => 
            [invoicePeriod] => 
            [pincount] => 
            [pinvalue] => 
        )

)


7d2fe6b7a33dc537c1c593ec29da6a3f95b967925ae77a928fa249bea28b7e26039f7812e23d02e88c152caa07d3288d40530272d9e1bdf72b1fe340b963c5df 
7d2fe6b7a33dc537c1c593ec29da6a3f95b967925ae77a928fa249bea28b7e26039f7812e23d02e88c152caa07d3288d40530272d9e1bdf72b1fe340b963c5df
CPL67A2608167607E8A01B71D05E592D3B5E0ED6BC97E52A83E693338D5C50391EB
Array
(
    [details] => Array
        (
            [transaction] => 257997|1|09028514698|100
            [account] => 2021904844
            [customername] => 
            [customeraddress] => 
            [contacttype] => 
            [customernumber] => 
            [customerphone] => 
            [type] => 40
            [networkid] => 
            [amount] => 
            [code] => 
            [invoicePeriod] => 
            [pincount] => 
            [pinvalue] => 
        )

)


7d2fe6b7a33dc537c1c593ec29da6a3f95b967925ae77a928fa249bea28b7e26039f7812e23d02e88c152caa07d3288d40530272d9e1bdf72b1fe340b963c5df 
7d2fe6b7a33dc537c1c593ec29da6a3f95b967925ae77a928fa249bea28b7e26039f7812e23d02e88c152caa07d3288d40530272d9e1bdf72b1fe340b963c5df
CPL67A2608167607E8A01B71D05E592D3B5E0ED6BC97E52A83E693338D5C50391EB
Array
(
    [details] => Array
        (
            [transaction] => 257997|1|09028514698|100
            [account] => 2021904844
            [customername] => 
            [customeraddress] => 
            [contacttype] => 
            [customernumber] => 
            [customerphone] => 
            [type] => 40
            [networkid] => 
            [amount] => 
            [code] => 
            [invoicePeriod] => 
            [pincount] => 
            [pinvalue] => 
        )

)


7d2fe6b7a33dc537c1c593ec29da6a3f95b967925ae77a928fa249bea28b7e26039f7812e23d02e88c152caa07d3288d40530272d9e1bdf72b1fe340b963c5df 
7d2fe6b7a33dc537c1c593ec29da6a3f95b967925ae77a928fa249bea28b7e26039f7812e23d02e88c152caa07d3288d40530272d9e1bdf72b1fe340b963c5df
CPL67A2608167607E8A01B71D05E592D3B5E0ED6BC97E52A83E693338D5C50391EB
Array
(
    [details] => Array
        (
            [transaction] => 257997|1|09028514698|100
            [account] => 2021904844
            [customername] => 
            [customeraddress] => 
            [contacttype] => 
            [customernumber] => 
            [customerphone] => 
            [type] => 40
            [networkid] => 
            [amount] => 
            [code] => 
            [invoicePeriod] => 
            [pincount] => 
            [pinvalue] => 
        )

)


7d2fe6b7a33dc537c1c593ec29da6a3f95b967925ae77a928fa249bea28b7e26039f7812e23d02e88c152caa07d3288d40530272d9e1bdf72b1fe340b963c5df 
7d2fe6b7a33dc537c1c593ec29da6a3f95b967925ae77a928fa249bea28b7e26039f7812e23d02e88c152caa07d3288d40530272d9e1bdf72b1fe340b963c5df
CPL67A2608167607E8A01B71D05E592D3B5E0ED6BC97E52A83E693338D5C50391EB
Array
(
    [details] => Array
        (
            [transaction] => 257997|1|09028514698|100
            [account] => 2021904844
            [customername] => 
            [customeraddress] => 
            [contacttype] => 
            [customernumber] => 
            [customerphone] => 
            [type] => 40
            [networkid] => 
            [amount] => 
            [code] => 
            [invoicePeriod] => 
            [pincount] => 
            [pinvalue] => 
        )

)


7d2fe6b7a33dc537c1c593ec29da6a3f95b967925ae77a928fa249bea28b7e26039f7812e23d02e88c152caa07d3288d40530272d9e1bdf72b1fe340b963c5df 
7d2fe6b7a33dc537c1c593ec29da6a3f95b967925ae77a928fa249bea28b7e26039f7812e23d02e88c152caa07d3288d40530272d9e1bdf72b1fe340b963c5df
CPL67A2608167607E8A01B71D05E592D3B5E0ED6BC97E52A83E693338D5C50391EB
Array
(
    [details] => Array
        (
            [transaction] => 257997|1|09028514698|100
            [account] => 2021904844
            [customername] => 
            [customeraddress] => 
            [contacttype] => 
            [customernumber] => 
            [customerphone] => 
            [type] => 40
            [networkid] => 
            [amount] => 
            [code] => 
            [invoicePeriod] => 
            [pincount] => 
            [pinvalue] => 
        )

)


7d2fe6b7a33dc537c1c593ec29da6a3f95b967925ae77a928fa249bea28b7e26039f7812e23d02e88c152caa07d3288d40530272d9e1bdf72b1fe340b963c5df 
7d2fe6b7a33dc537c1c593ec29da6a3f95b967925ae77a928fa249bea28b7e26039f7812e23d02e88c152caa07d3288d40530272d9e1bdf72b1fe340b963c5df
CPL67A2608167607E8A01B71D05E592D3B5E0ED6BC97E52A83E693338D5C50391EB
Array
(
    [details] => Array
        (
            [transaction] => 257997|1|09028514698|100
            [account] => 2021904844
            [customername] => 
            [customeraddress] => 
            [contacttype] => 
            [customernumber] => 
            [customerphone] => 
            [type] => 40
            [networkid] => 
            [amount] => 
            [code] => 
            [invoicePeriod] => 
            [pincount] => 
            [pinvalue] => 
        )

)


7d2fe6b7a33dc537c1c593ec29da6a3f95b967925ae77a928fa249bea28b7e26039f7812e23d02e88c152caa07d3288d40530272d9e1bdf72b1fe340b963c5df 
7d2fe6b7a33dc537c1c593ec29da6a3f95b967925ae77a928fa249bea28b7e26039f7812e23d02e88c152caa07d3288d40530272d9e1bdf72b1fe340b963c5df
CPL67A2608167607E8A01B71D05E592D3B5E0ED6BC97E52A83E693338D5C50391EB
Array
(
    [details] => Array
        (
            [transaction] => 257997|1|09028514698|100
            [account] => 2021904844
            [customername] => 
            [customeraddress] => 
            [contacttype] => 
            [customernumber] => 
            [customerphone] => 
            [type] => 40
            [networkid] => 
            [amount] => 
            [code] => 
            [invoicePeriod] => 
            [pincount] => 
            [pinvalue] => 
        )

)


7d2fe6b7a33dc537c1c593ec29da6a3f95b967925ae77a928fa249bea28b7e26039f7812e23d02e88c152caa07d3288d40530272d9e1bdf72b1fe340b963c5df 
7d2fe6b7a33dc537c1c593ec29da6a3f95b967925ae77a928fa249bea28b7e26039f7812e23d02e88c152caa07d3288d40530272d9e1bdf72b1fe340b963c5df
CPL67A2608167607E8A01B71D05E592D3B5E0ED6BC97E52A83E693338D5C50391EB
Array
(
    [details] => Array
        (
            [transaction] => 257997|1|09028514698|100
            [account] => 2021904844
            [customername] => 
            [customeraddress] => 
            [contacttype] => 
            [customernumber] => 
            [customerphone] => 
            [type] => 40
            [networkid] => 
            [amount] => 
            [code] => 
            [invoicePeriod] => 
            [pincount] => 
            [pinvalue] => 
        )

)


7d2fe6b7a33dc537c1c593ec29da6a3f95b967925ae77a928fa249bea28b7e26039f7812e23d02e88c152caa07d3288d40530272d9e1bdf72b1fe340b963c5df 
7d2fe6b7a33dc537c1c593ec29da6a3f95b967925ae77a928fa249bea28b7e26039f7812e23d02e88c152caa07d3288d40530272d9e1bdf72b1fe340b963c5df
CPL67A2608167607E8A01B71D05E592D3B5E0ED6BC97E52A83E693338D5C50391EB
Array
(
    [details] => Array
        (
            [transaction] => 257997|1|09028514698|100
            [account] => 2021904844
            [customername] => 
            [customeraddress] => 
            [contacttype] => 
            [customernumber] => 
            [customerphone] => 
            [type] => 40
            [networkid] => 
            [amount] => 
            [code] => 
            [invoicePeriod] => 
            [pincount] => 
            [pinvalue] => 
        )

)


7d2fe6b7a33dc537c1c593ec29da6a3f95b967925ae77a928fa249bea28b7e26039f7812e23d02e88c152caa07d3288d40530272d9e1bdf72b1fe340b963c5df 
7d2fe6b7a33dc537c1c593ec29da6a3f95b967925ae77a928fa249bea28b7e26039f7812e23d02e88c152caa07d3288d40530272d9e1bdf72b1fe340b963c5df
CPL67A2608167607E8A01B71D05E592D3B5E0ED6BC97E52A83E693338D5C50391EB
Array
(
    [details] => Array
        (
            [transaction] => 257997|1|09028514698|100
            [account] => 2021904844
            [customername] => 
            [customeraddress] => 
            [contacttype] => 
            [customernumber] => 
            [customerphone] => 
            [type] => 40
            [networkid] => 
            [amount] => 
            [code] => 
            [invoicePeriod] => 
            [pincount] => 
            [pinvalue] => 
        )

)

